[INFO] 06 八月 11:04:40.842 上午 main [org.quartz.impl.StdSchedulerFactory]
Using default implementation for ThreadExecutor

[INFO] 06 八月 11:04:40.860 上午 main [org.quartz.simpl.SimpleThreadPool]
Job execution threads will use class loader of thread: main

[INFO] 06 八月 11:04:40.887 上午 main [org.quartz.core.SchedulerSignalerImpl]
Initialized Scheduler Signaller of type: class org.quartz.core.SchedulerSignalerImpl

[INFO] 06 八月 11:04:40.889 上午 main [org.quartz.core.QuartzScheduler]
Quartz Scheduler v.2.1.7 created.

[INFO] 06 八月 11:04:40.906 上午 main [org.quartz.simpl.RAMJobStore]
RAMJobStore initialized.

[INFO] 06 八月 11:04:40.907 上午 main [org.quartz.core.QuartzScheduler]
Scheduler meta-data: Quartz Scheduler (v2.1.7) 'DefaultQuartzScheduler' with instanceId 'NON_CLUSTERED'
  Scheduler class: 'org.quartz.core.QuartzScheduler' - running locally.
  NOT STARTED.
  Currently in standby mode.
  Number of jobs executed: 0
  Using thread pool 'org.quartz.simpl.SimpleThreadPool' - with 10 threads.
  Using job-store 'org.quartz.simpl.RAMJobStore' - which does not support persistence. and is not clustered.


[INFO] 06 八月 11:04:40.907 上午 main [org.quartz.impl.StdSchedulerFactory]
Quartz scheduler 'DefaultQuartzScheduler' initialized from default resource file in Quartz package: 'quartz.properties'

[INFO] 06 八月 11:04:40.907 上午 main [org.quartz.impl.StdSchedulerFactory]
Quartz scheduler version: 2.1.7

[INFO] 06 八月 11:04:40.956 上午 main [org.quartz.core.QuartzScheduler]
Scheduler DefaultQuartzScheduler_$_NON_CLUSTERED started.

[INFO] 06 八月 11:39:55.340 上午 main [org.quartz.core.QuartzScheduler]
Scheduler DefaultQuartzScheduler_$_NON_CLUSTERED shutting down.

[INFO] 06 八月 11:39:55.340 上午 main [org.quartz.core.QuartzScheduler]
Scheduler DefaultQuartzScheduler_$_NON_CLUSTERED paused.

[INFO] 06 八月 11:39:55.341 上午 main [org.quartz.core.QuartzScheduler]
Scheduler DefaultQuartzScheduler_$_NON_CLUSTERED shutdown complete.

