[2014-08-02 09:10:25,980]  47 -- INFO  -- Brilliantech.Framwork.Utils.LogUtil.LogUtil [.ctor] -- InspectEmailQueryDate:2014/8/1 7:00:00~2014/8/2 7:00:00
[2014-08-02 09:10:26,014]  47 -- INFO  -- Brilliantech.Framwork.Utils.LogUtil.LogUtil [.ctor] -- 添加触发器:TskDataEmailCronGroup.trigger0
[2014-08-02 09:10:26,014]  47 -- INFO  -- Brilliantech.Framwork.Utils.LogUtil.LogUtil [.ctor] -- 测试数据文件邮件任务启动成功
[2014-08-02 09:13:06,888]  MyScheduler_Worker-1 -- INFO  -- Brilliantech.Framwork.Utils.LogUtil.LogUtil [Execute] -- Send Inspect Email to:welovesong@sina.com, File: Inspect201408020912_7970e2893eca4f6a8ad84fda25f96d08
[2014-08-02 09:13:38,151]  MyScheduler_Worker-1 -- INFO  -- Brilliantech.Framwork.Utils.LogUtil.LogUtil [Execute] -- Send Inspect Email to:iwangsong@163.com, File: Inspect201408020913_c832137a18cb4969b91450a6a58652fe
[2014-08-02 09:13:38,450]  MyScheduler_Worker-1 -- INFO  -- Brilliantech.Framwork.Utils.LogUtil.LogUtil [Execute] -- Send Inspect Email to:song.wang@cz-tek.com, File: Inspect201408020913_2eafa637385b41d794418583675c16b1
[2014-08-02 09:15:05,526]  MyScheduler_Worker-2 -- INFO  -- Brilliantech.Framwork.Utils.LogUtil.LogUtil [Execute] -- Send Inspect Email to:welovesong@sina.com, File: Inspect201408020914_8984ee738fdc4f9da1abf3fa04b501a0
[2014-08-02 09:15:36,654]  MyScheduler_Worker-2 -- INFO  -- Brilliantech.Framwork.Utils.LogUtil.LogUtil [Execute] -- Send Inspect Email to:iwangsong@163.com, File: Inspect201408020915_ce45fc6a362e4b3688187ec4a9508d3b
[2014-08-02 09:15:36,897]  MyScheduler_Worker-2 -- INFO  -- Brilliantech.Framwork.Utils.LogUtil.LogUtil [Execute] -- Send Inspect Email to:song.wang@cz-tek.com, File: Inspect201408020915_50b038307c02454fb3dc9c9e97248fe8
[2014-08-02 09:17:04,490]  MyScheduler_Worker-3 -- INFO  -- Brilliantech.Framwork.Utils.LogUtil.LogUtil [Execute] -- Send Inspect Email to:welovesong@sina.com, File: Inspect201408020916_22ef202ca85246b0846e42f8d14ff290
[2014-08-02 09:17:34,306]  MyScheduler_Worker-3 -- INFO  -- Brilliantech.Framwork.Utils.LogUtil.LogUtil [Execute] -- Send Inspect Email to:iwangsong@163.com, File: Inspect201408020917_2eb8c41711e949b4b4a09e4f9ed0b633
[2014-08-02 09:17:34,487]  MyScheduler_Worker-3 -- INFO  -- Brilliantech.Framwork.Utils.LogUtil.LogUtil [Execute] -- Send Inspect Email to:song.wang@cz-tek.com, File: Inspect201408020917_fab643ada91047ca8a5398c8ffc67489
[2014-08-02 09:19:05,922]  MyScheduler_Worker-4 -- INFO  -- Brilliantech.Framwork.Utils.LogUtil.LogUtil [Execute] -- Send Inspect Email to:welovesong@sina.com, File: Inspect201408020918_07a91a732ed74029876ba9e9769e8b9c
[2014-08-02 09:19:38,628]  MyScheduler_Worker-4 -- INFO  -- Brilliantech.Framwork.Utils.LogUtil.LogUtil [Execute] -- Send Inspect Email to:iwangsong@163.com, File: Inspect201408020919_1a40563a09294d5d959c36a98b6ddbd2
[2014-08-02 09:19:38,853]  MyScheduler_Worker-4 -- INFO  -- Brilliantech.Framwork.Utils.LogUtil.LogUtil [Execute] -- Send Inspect Email to:song.wang@cz-tek.com, File: Inspect201408020919_6fdcca0f31c3490f8b6efaf6162e154f
[2014-08-02 09:21:08,864]  MyScheduler_Worker-5 -- INFO  -- Brilliantech.Framwork.Utils.LogUtil.LogUtil [Execute] -- Send Inspect Email to:welovesong@sina.com, File: Inspect201408020920_c77f1e7baf684592b95bb890ec201a2a
[2014-08-02 09:21:40,072]  MyScheduler_Worker-5 -- INFO  -- Brilliantech.Framwork.Utils.LogUtil.LogUtil [Execute] -- Send Inspect Email to:iwangsong@163.com, File: Inspect201408020921_d712916bbf1c43308768824400cba7ea
[2014-08-02 09:21:40,275]  MyScheduler_Worker-5 -- INFO  -- Brilliantech.Framwork.Utils.LogUtil.LogUtil [Execute] -- Send Inspect Email to:song.wang@cz-tek.com, File: Inspect201408020921_fb55ca5f52ac442f9e303e64cec304a2
[2014-08-02 09:23:03,698]  MyScheduler_Worker-1 -- INFO  -- Brilliantech.Framwork.Utils.LogUtil.LogUtil [Execute] -- Send Inspect Email to:welovesong@sina.com, File: Inspect201408020922_3dda4ad071ff48ea97a1fb2b4d9e7773
[2014-08-02 09:23:39,466]  MyScheduler_Worker-1 -- INFO  -- Brilliantech.Framwork.Utils.LogUtil.LogUtil [Execute] -- Send Inspect Email to:iwangsong@163.com, File: Inspect201408020923_e87808e9ab744300ad8929cce798be3b
[2014-08-02 09:23:39,663]  MyScheduler_Worker-1 -- INFO  -- Brilliantech.Framwork.Utils.LogUtil.LogUtil [Execute] -- Send Inspect Email to:song.wang@cz-tek.com, File: Inspect201408020923_072edc5817f44316b2a7e1db76141a56
